
fib.o:     file format elf32-littlearm


Disassembly of section .text:

00000000 <fib>:
   0:	b4f0      	push	{r4, r5, r6, r7}
   2:	0005      	movs	r5, r0
   4:	2000      	movs	r0, #0
   6:	2d00      	cmp	r5, #0
   8:	d00e      	beq.n	28 <.END>
   a:	2d02      	cmp	r5, #2
   c:	dd0e      	ble.n	2c <.PREPARERETURNVALUE>
   e:	3d02      	subs	r5, #2
  10:	2400      	movs	r4, #0
  12:	2301      	movs	r3, #1
  14:	2201      	movs	r2, #1
  16:	2101      	movs	r1, #1
  18:	e001      	b.n	1e <.UPDATEVAL>
  1a:	0013      	movs	r3, r2
  1c:	000a      	movs	r2, r1

0000001e <.UPDATEVAL>:
  1e:	18d1      	adds	r1, r2, r3
  20:	3401      	adds	r4, #1
  22:	42ac      	cmp	r4, r5
  24:	dbf9      	blt.n	1a <fib+0x1a>
  26:	0008      	movs	r0, r1

00000028 <.END>:
  28:	bcf0      	pop	{r4, r5, r6, r7}
  2a:	4770      	bx	lr

0000002c <.PREPARERETURNVALUE>:
  2c:	2001      	movs	r0, #1
  2e:	e7fb      	b.n	28 <.END>
