
gcd.o:     file format elf32-littlearm


Disassembly of section .text:

00000000 <gcd>:
   0:	b4f0      	push	{r4, r5, r6, r7}

00000002 <.FIRSTWHILELOOPCONDITIONAL>:
   2:	0003      	movs	r3, r0
   4:	430b      	orrs	r3, r1
   6:	07da      	lsls	r2, r3, #31
   8:	d409      	bmi.n	1e <.SETDTOZERO>
   a:	2300      	movs	r3, #0
   c:	2401      	movs	r4, #1

0000000e <.FIRSTWHILELOOP>:
   e:	1040      	asrs	r0, r0, #1
  10:	1049      	asrs	r1, r1, #1
  12:	3301      	adds	r3, #1
  14:	0002      	movs	r2, r0
  16:	430a      	orrs	r2, r1
  18:	4214      	tst	r4, r2
  1a:	d0f8      	beq.n	e <.FIRSTWHILELOOP>
  1c:	e000      	b.n	20 <.SECONDWHILELOOP>

0000001e <.SETDTOZERO>:
  1e:	2300      	movs	r3, #0

00000020 <.SECONDWHILELOOP>:
  20:	4288      	cmp	r0, r1
  22:	d011      	beq.n	48 <.PREPARERETURNVALUE>
  24:	2201      	movs	r2, #1

00000026 <.SLFIRSTCONDITIONAL>:
  26:	4202      	tst	r2, r0
  28:	d101      	bne.n	2e <.SLSECONDCONDITIONAL>
  2a:	1040      	asrs	r0, r0, #1
  2c:	e00a      	b.n	44 <.CHECKIFSECONDWHILELOOPCONDITIONALISTRUE>

0000002e <.SLSECONDCONDITIONAL>:
  2e:	420a      	tst	r2, r1
  30:	d101      	bne.n	36 <.SLTHIRDCONDITIONAL>
  32:	1049      	asrs	r1, r1, #1
  34:	e006      	b.n	44 <.CHECKIFSECONDWHILELOOPCONDITIONALISTRUE>

00000036 <.SLTHIRDCONDITIONAL>:
  36:	4288      	cmp	r0, r1
  38:	dd02      	ble.n	40 <.SLELSE>
  3a:	1a40      	subs	r0, r0, r1
  3c:	1040      	asrs	r0, r0, #1
  3e:	e001      	b.n	44 <.CHECKIFSECONDWHILELOOPCONDITIONALISTRUE>

00000040 <.SLELSE>:
  40:	1a09      	subs	r1, r1, r0
  42:	1049      	asrs	r1, r1, #1

00000044 <.CHECKIFSECONDWHILELOOPCONDITIONALISTRUE>:
  44:	4288      	cmp	r0, r1
  46:	d1ee      	bne.n	26 <.SLFIRSTCONDITIONAL>

00000048 <.PREPARERETURNVALUE>:
  48:	4098      	lsls	r0, r3

0000004a <.END>:
  4a:	bcf0      	pop	{r4, r5, r6, r7}
  4c:	4770      	bx	lr
